<?xml version="1.0" encoding="UTF-8"?>
<testng-results skipped="0" failed="0" ignored="0" total="1" passed="1">
  <reporter-output>
  </reporter-output>
  <suite name="Default suite" duration-ms="6546" started-at="2021-03-16T09:57:42 IST" finished-at="2021-03-16T09:57:48 IST">
    <groups>
    </groups>
    <test name="Default test" duration-ms="6546" started-at="2021-03-16T09:57:42 IST" finished-at="2021-03-16T09:57:48 IST">
      <class name="testng.P14">
        <test-method status="PASS" signature="testApp()[pri:0, instance:testng.P14@5a8806ef]" name="testApp" duration-ms="6499" started-at="2021-03-16T09:57:42 IST" finished-at="2021-03-16T09:57:48 IST">
          <reporter-output>
          </reporter-output>
        </test-method> <!-- testApp -->
      </class> <!-- testng.P14 -->
    </test> <!-- Default test -->
  </suite> <!-- Default suite -->
</testng-results>
