<?xml version="1.0" encoding="UTF-8"?>
<!-- Generated by org.testng.reporters.JUnitXMLReporter -->
<testsuite hostname="DESKTOP-R4959BB" ignored="0" name="Test" tests="4" failures="0" timestamp="2021-03-10T10:27:19 IST" time="0.062" errors="0">
  <testcase name="m1" time="0.0" classname="testng.P9"/>
  <testcase name="m2" time="0.0" classname="testng.P9"/>
  <testcase name="p1" time="0.0" classname="testng.P10"/>
  <testcase name="p2" time="0.0" classname="testng.P10"/>
</testsuite> <!-- Test -->
